<?xml version="1.0" encoding="UTF-8"?>
<testng-results ignored="0" total="1" passed="1" failed="0" skipped="0">
  <reporter-output>
  </reporter-output>
  <suite started-at="2022-02-23T15:57:59 IST" name="Default suite" finished-at="2022-02-23T15:58:39 IST" duration-ms="39961">
    <groups>
    </groups>
    <test started-at="2022-02-23T15:57:59 IST" name="Default test" finished-at="2022-02-23T15:58:39 IST" duration-ms="39961">
      <class name="Selenium.delete">
        <test-method is-config="true" signature="openBrowser()[pri:0, instance:Selenium.delete@429bffaa]" started-at="2022-02-23T15:57:59 IST" name="openBrowser" finished-at="2022-02-23T15:58:13 IST" duration-ms="14189" status="PASS">
          <reporter-output>
          </reporter-output>
        </test-method> <!-- openBrowser -->
        <test-method signature="orangehrm()[pri:0, instance:Selenium.delete@429bffaa]" started-at="2022-02-23T15:58:13 IST" name="orangehrm" finished-at="2022-02-23T15:58:37 IST" duration-ms="24435" status="PASS">
          <reporter-output>
          </reporter-output>
        </test-method> <!-- orangehrm -->
        <test-method is-config="true" signature="closeBrowser()[pri:0, instance:Selenium.delete@429bffaa]" started-at="2022-02-23T15:58:37 IST" name="closeBrowser" finished-at="2022-02-23T15:58:39 IST" duration-ms="1246" status="PASS">
          <reporter-output>
          </reporter-output>
        </test-method> <!-- closeBrowser -->
      </class> <!-- Selenium.delete -->
    </test> <!-- Default test -->
  </suite> <!-- Default suite -->
</testng-results>
